<?xml version="1.0" encoding="UTF-8"?>
<testsuite name="com.example.jsonservice.JsonserviceApplicationTests" tests="1" skipped="0" failures="0" errors="0" timestamp="2025-04-22T18:53:36.227Z" hostname="ESIBONI-M-QPLQ" time="0.394">
  <properties/>
  <testcase name="contextLoads()" classname="com.example.jsonservice.JsonserviceApplicationTests" time="0.394"/>
  <system-out><![CDATA[21:53:35.516 [Test worker] INFO org.springframework.test.context.support.AnnotationConfigContextLoaderUtils -- Could not detect default configuration classes for test class [com.example.jsonservice.JsonserviceApplicationTests]: JsonserviceApplicationTests does not declare any static, non-private, non-final, nested classes annotated with @Configuration.
21:53:35.575 [Test worker] INFO org.springframework.boot.test.context.SpringBootTestContextBootstrapper -- Found @SpringBootConfiguration com.example.jsonservice.JsonserviceApplication for test class com.example.jsonservice.JsonserviceApplicationTests

  .   ____          _            __ _ _
 /\\ / ___'_ __ _ _(_)_ __  __ _ \ \ \ \
( ( )\___ | '_ | '_| | '_ \/ _` | \ \ \ \
 \\/  ___)| |_)| | | | | || (_| |  ) ) ) )
  '  |____| .__|_| |_|_| |_\__, | / / / /
 =========|_|==============|___/=/_/_/_/

 :: Spring Boot ::                (v3.4.4)

2025-04-22T21:53:35.766+03:00  INFO 24561 --- [jsonservice] [    Test worker] c.e.j.JsonserviceApplicationTests        : Starting JsonserviceApplicationTests using Java 17.0.5 with PID 24561 (started by esiboni in /Users/esiboni/Desktop/jsonservice)
2025-04-22T21:53:35.767+03:00  INFO 24561 --- [jsonservice] [    Test worker] c.e.j.JsonserviceApplicationTests        : No active profile set, falling back to 1 default profile: "default"
2025-04-22T21:53:36.219+03:00  INFO 24561 --- [jsonservice] [    Test worker] c.e.j.JsonserviceApplicationTests        : Started JsonserviceApplicationTests in 0.573 seconds (process running for 1.1)
]]></system-out>
  <system-err><![CDATA[]]></system-err>
</testsuite>
